mode: set
github.com/buko106/go-maze/internal/maze/algorithm.go:15.60,16.23 1 1
github.com/buko106/go-maze/internal/maze/algorithm.go:17.13,18.30 1 1
github.com/buko106/go-maze/internal/maze/algorithm.go:19.17,20.34 1 1
github.com/buko106/go-maze/internal/maze/algorithm.go:21.16,22.33 1 1
github.com/buko106/go-maze/internal/maze/algorithm.go:23.10,24.99 1 1
github.com/buko106/go-maze/internal/maze/algorithm.go:29.40,31.2 1 1
github.com/buko106/go-maze/internal/maze/dfs.go:9.85,11.2 1 1
github.com/buko106/go-maze/internal/maze/dfs.go:14.88,25.33 4 1
github.com/buko106/go-maze/internal/maze/dfs.go:25.33,30.71 3 1
github.com/buko106/go-maze/internal/maze/dfs.go:30.71,38.4 4 1
github.com/buko106/go-maze/internal/maze/dfs.go:43.79,44.43 1 1
github.com/buko106/go-maze/internal/maze/dfs.go:44.43,47.3 2 1
github.com/buko106/go-maze/internal/maze/dfs.go:51.67,53.2 1 1
github.com/buko106/go-maze/internal/maze/generator.go:32.32,38.2 2 1
github.com/buko106/go-maze/internal/maze/generator.go:41.74,43.16 2 1
github.com/buko106/go-maze/internal/maze/generator.go:43.16,45.3 1 1
github.com/buko106/go-maze/internal/maze/generator.go:46.2,49.8 1 1
github.com/buko106/go-maze/internal/maze/generator.go:53.54,56.16 2 1
github.com/buko106/go-maze/internal/maze/generator.go:56.16,59.3 1 1
github.com/buko106/go-maze/internal/maze/generator.go:61.2,65.3 2 1
github.com/buko106/go-maze/internal/maze/generator.go:69.90,72.16 2 1
github.com/buko106/go-maze/internal/maze/generator.go:72.16,75.3 1 1
github.com/buko106/go-maze/internal/maze/generator.go:77.2,78.16 2 1
github.com/buko106/go-maze/internal/maze/generator.go:78.16,80.3 1 1
github.com/buko106/go-maze/internal/maze/generator.go:82.2,85.8 1 1
github.com/buko106/go-maze/internal/maze/generator.go:89.33,91.25 2 1
github.com/buko106/go-maze/internal/maze/generator.go:91.25,93.3 1 1
github.com/buko106/go-maze/internal/maze/generator.go:94.2,94.13 1 1
github.com/buko106/go-maze/internal/maze/generator.go:98.55,101.22 2 1
github.com/buko106/go-maze/internal/maze/generator.go:101.22,103.26 2 1
github.com/buko106/go-maze/internal/maze/generator.go:103.26,105.4 1 1
github.com/buko106/go-maze/internal/maze/generator.go:108.2,125.13 5 1
github.com/buko106/go-maze/internal/maze/generator.go:128.32,133.37 3 1
github.com/buko106/go-maze/internal/maze/generator.go:133.37,135.3 1 0
github.com/buko106/go-maze/internal/maze/generator.go:137.2,137.29 1 1
github.com/buko106/go-maze/internal/maze/generator.go:137.29,138.28 1 1
github.com/buko106/go-maze/internal/maze/generator.go:138.28,141.42 2 1
github.com/buko106/go-maze/internal/maze/generator.go:141.42,143.5 1 1
github.com/buko106/go-maze/internal/maze/generator.go:143.10,143.47 1 1
github.com/buko106/go-maze/internal/maze/generator.go:143.47,145.5 1 1
github.com/buko106/go-maze/internal/maze/generator.go:145.10,145.65 1 1
github.com/buko106/go-maze/internal/maze/generator.go:145.65,147.5 1 0
github.com/buko106/go-maze/internal/maze/generator.go:147.10,147.19 1 1
github.com/buko106/go-maze/internal/maze/generator.go:147.19,149.5 1 1
github.com/buko106/go-maze/internal/maze/generator.go:149.10,151.5 1 1
github.com/buko106/go-maze/internal/maze/generator.go:153.3,153.21 1 1
github.com/buko106/go-maze/internal/maze/generator.go:155.2,155.20 1 1
github.com/buko106/go-maze/internal/maze/kruskal.go:21.40,24.24 3 1
github.com/buko106/go-maze/internal/maze/kruskal.go:24.24,26.3 1 1
github.com/buko106/go-maze/internal/maze/kruskal.go:27.2,27.47 1 1
github.com/buko106/go-maze/internal/maze/kruskal.go:31.38,32.23 1 1
github.com/buko106/go-maze/internal/maze/kruskal.go:32.23,34.3 1 1
github.com/buko106/go-maze/internal/maze/kruskal.go:35.2,35.21 1 1
github.com/buko106/go-maze/internal/maze/kruskal.go:39.43,43.20 3 1
github.com/buko106/go-maze/internal/maze/kruskal.go:43.20,45.3 1 1
github.com/buko106/go-maze/internal/maze/kruskal.go:48.2,48.37 1 1
github.com/buko106/go-maze/internal/maze/kruskal.go:48.37,50.3 1 1
github.com/buko106/go-maze/internal/maze/kruskal.go:50.8,50.44 1 1
github.com/buko106/go-maze/internal/maze/kruskal.go:50.44,52.3 1 1
github.com/buko106/go-maze/internal/maze/kruskal.go:52.8,55.3 2 1
github.com/buko106/go-maze/internal/maze/kruskal.go:56.2,56.13 1 1
github.com/buko106/go-maze/internal/maze/kruskal.go:60.89,72.29 5 1
github.com/buko106/go-maze/internal/maze/kruskal.go:72.29,77.29 3 1
github.com/buko106/go-maze/internal/maze/kruskal.go:77.29,86.4 5 1
github.com/buko106/go-maze/internal/maze/kruskal.go:91.59,95.46 2 1
github.com/buko106/go-maze/internal/maze/kruskal.go:95.46,96.46 1 1
github.com/buko106/go-maze/internal/maze/kruskal.go:96.46,103.4 1 1
github.com/buko106/go-maze/internal/maze/kruskal.go:107.2,107.46 1 1
github.com/buko106/go-maze/internal/maze/kruskal.go:107.46,108.46 1 1
github.com/buko106/go-maze/internal/maze/kruskal.go:108.46,115.4 1 1
github.com/buko106/go-maze/internal/maze/kruskal.go:118.2,118.14 1 1
github.com/buko106/go-maze/internal/maze/kruskal.go:122.71,123.38 1 1
github.com/buko106/go-maze/internal/maze/kruskal.go:123.38,126.3 2 1
github.com/buko106/go-maze/internal/maze/kruskal.go:130.70,135.2 4 1
github.com/buko106/go-maze/internal/maze/pathfinder.go:10.38,11.86 1 1
github.com/buko106/go-maze/internal/maze/pathfinder.go:11.86,13.3 1 1
github.com/buko106/go-maze/internal/maze/pathfinder.go:16.2,25.21 6 1
github.com/buko106/go-maze/internal/maze/pathfinder.go:25.21,30.65 3 1
github.com/buko106/go-maze/internal/maze/pathfinder.go:30.65,33.101 2 1
github.com/buko106/go-maze/internal/maze/pathfinder.go:33.101,35.5 1 1
github.com/buko106/go-maze/internal/maze/pathfinder.go:36.4,37.15 2 1
github.com/buko106/go-maze/internal/maze/pathfinder.go:41.3,41.34 1 1
github.com/buko106/go-maze/internal/maze/pathfinder.go:41.34,51.22 2 1
github.com/buko106/go-maze/internal/maze/pathfinder.go:51.22,56.5 3 1
github.com/buko106/go-maze/internal/maze/pathfinder.go:60.2,60.12 1 0
github.com/buko106/go-maze/internal/maze/wilson.go:9.88,11.2 1 1
github.com/buko106/go-maze/internal/maze/wilson.go:14.94,17.24 2 1
github.com/buko106/go-maze/internal/maze/wilson.go:17.24,19.3 1 1
github.com/buko106/go-maze/internal/maze/wilson.go:22.2,32.21 5 1
github.com/buko106/go-maze/internal/maze/wilson.go:32.21,38.37 3 1
github.com/buko106/go-maze/internal/maze/wilson.go:38.37,40.12 2 0
github.com/buko106/go-maze/internal/maze/wilson.go:44.3,47.28 2 1
github.com/buko106/go-maze/internal/maze/wilson.go:47.28,52.13 3 1
github.com/buko106/go-maze/internal/maze/wilson.go:52.13,57.5 4 1
github.com/buko106/go-maze/internal/maze/wilson.go:61.3,61.48 1 1
github.com/buko106/go-maze/internal/maze/wilson.go:66.126,73.6 4 1
github.com/buko106/go-maze/internal/maze/wilson.go:73.6,77.37 2 1
github.com/buko106/go-maze/internal/maze/wilson.go:77.37,79.9 2 1
github.com/buko106/go-maze/internal/maze/wilson.go:83.3,83.46 1 1
github.com/buko106/go-maze/internal/maze/wilson.go:83.46,88.27 3 1
github.com/buko106/go-maze/internal/maze/wilson.go:88.27,90.5 1 1
github.com/buko106/go-maze/internal/maze/wilson.go:91.4,91.28 1 1
github.com/buko106/go-maze/internal/maze/wilson.go:95.3,102.34 5 1
github.com/buko106/go-maze/internal/maze/wilson.go:102.34,105.43 3 1
github.com/buko106/go-maze/internal/maze/wilson.go:105.43,107.5 1 1
github.com/buko106/go-maze/internal/maze/wilson.go:111.3,111.31 1 1
github.com/buko106/go-maze/internal/maze/wilson.go:111.31,115.4 3 1
github.com/buko106/go-maze/internal/maze/wilson.go:118.2,118.13 1 1
github.com/buko106/go-maze/internal/maze/wilson.go:122.64,124.44 2 1
github.com/buko106/go-maze/internal/maze/wilson.go:124.44,125.44 1 1
github.com/buko106/go-maze/internal/maze/wilson.go:125.44,127.4 1 1
github.com/buko106/go-maze/internal/maze/wilson.go:129.2,129.14 1 1
github.com/buko106/go-maze/internal/maze/wilson.go:133.85,134.29 1 1
github.com/buko106/go-maze/internal/maze/wilson.go:134.29,135.39 1 1
github.com/buko106/go-maze/internal/maze/wilson.go:135.39,137.4 1 1
github.com/buko106/go-maze/internal/maze/wilson.go:139.2,139.14 1 0
github.com/buko106/go-maze/internal/maze/wilson.go:143.90,145.29 2 1
github.com/buko106/go-maze/internal/maze/wilson.go:145.29,146.32 1 1
github.com/buko106/go-maze/internal/maze/wilson.go:146.32,148.4 1 1
github.com/buko106/go-maze/internal/maze/wilson.go:150.2,150.18 1 1
github.com/buko106/go-maze/internal/maze/wilson.go:154.70,156.2 1 1
github.com/buko106/go-maze/main.go:11.13,21.15 8 0
github.com/buko106/go-maze/main.go:21.15,24.3 2 0
github.com/buko106/go-maze/main.go:25.2,25.18 1 0
github.com/buko106/go-maze/main.go:25.18,28.3 2 0
github.com/buko106/go-maze/main.go:31.2,33.42 3 0
github.com/buko106/go-maze/main.go:33.42,34.24 1 0
github.com/buko106/go-maze/main.go:34.24,36.9 2 0
github.com/buko106/go-maze/main.go:39.2,39.21 1 0
github.com/buko106/go-maze/main.go:39.21,42.3 2 0
github.com/buko106/go-maze/main.go:44.2,47.17 3 0
github.com/buko106/go-maze/main.go:47.17,49.3 1 0
github.com/buko106/go-maze/main.go:49.8,51.3 1 0
github.com/buko106/go-maze/main.go:53.2,53.16 1 0
github.com/buko106/go-maze/main.go:53.16,56.3 2 0
github.com/buko106/go-maze/main.go:58.2,61.15 2 0
github.com/buko106/go-maze/main.go:61.15,63.26 2 0
github.com/buko106/go-maze/main.go:63.26,65.4 1 0
github.com/buko106/go-maze/main.go:68.2,68.23 1 0
